# JRE version: Java(TM) SE Runtime Environment (8.0_131-b11) (build 1.8.0_131-b11)
# Java VM: Java HotSpot(TM) 64-Bit Server VM (25.131-b11 mixed mode windows-amd64 compressed oops)
Heap:
 PSYoungGen      total 74752K, used 28082K [0x00000000eb400000, 0x00000000f0800000, 0x0000000100000000)
  eden space 65024K, 29% used [0x00000000eb400000,0x00000000ec6a48d8,0x00000000ef380000)
  from space 9728K, 92% used [0x00000000efd80000,0x00000000f0648000,0x00000000f0700000)
  to   space 10240K, 0% used [0x00000000ef380000,0x00000000ef380000,0x00000000efd80000)
 ParOldGen       total 44032K, used 24898K [0x00000000c1c00000, 0x00000000c4700000, 0x00000000eb400000)
  object space 44032K, 56% used [0x00000000c1c00000,0x00000000c34508b0,0x00000000c4700000)
 Metaspace       used 16601K, capacity 16808K, committed 17152K, reserved 1064960K
  class space    used 2161K, capacity 2230K, committed 2304K, reserved 1048576K
GC Heap History (10 events):
Event: 13.283 GC heap before
{Heap before GC invocations=4 (full 0):
 PSYoungGen      total 18944K, used 18944K [0x00000000eb400000, 0x00000000ec900000, 0x0000000100000000)
  eden space 16384K, 100% used [0x00000000eb400000,0x00000000ec400000,0x00000000ec400000)
  from space 2560K, 100% used [0x00000000ec400000,0x00000000ec680000,0x00000000ec680000)
  to   space 2560K, 0% used [0x00000000ec680000,0x00000000ec680000,0x00000000ec900000)
 ParOldGen       total 44032K, used 12847K [0x00000000c1c00000, 0x00000000c4700000, 0x00000000eb400000)
  object space 44032K, 29% used [0x00000000c1c00000,0x00000000c288bea0,0x00000000c4700000)
 Metaspace       used 16525K, capacity 16744K, committed 17152K, reserved 1064960K
  class space    used 2160K, capacity 2230K, committed 2304K, reserved 1048576K
Event: 13.303 GC heap after
Heap after GC invocations=4 (full 0):
 PSYoungGen      total 18944K, used 2560K [0x00000000eb400000, 0x00000000ec900000, 0x0000000100000000)
  eden space 16384K, 0% used [0x00000000eb400000,0x00000000eb400000,0x00000000ec400000)
  from space 2560K, 100% used [0x00000000ec680000,0x00000000ec900000,0x00000000ec900000)
  to   space 2560K, 0% used [0x00000000ec400000,0x00000000ec400000,0x00000000ec680000)
 ParOldGen       total 44032K, used 17105K [0x00000000c1c00000, 0x00000000c4700000, 0x00000000eb400000)
  object space 44032K, 38% used [0x00000000c1c00000,0x00000000c2cb45a0,0x00000000c4700000)
 Metaspace       used 16525K, capacity 16744K, committed 17152K, reserved 1064960K
  class space    used 2160K, capacity 2230K, committed 2304K, reserved 1048576K
}
Event: 14.269 GC heap before
{Heap before GC invocations=5 (full 0):
 PSYoungGen      total 18944K, used 18944K [0x00000000eb400000, 0x00000000ec900000, 0x0000000100000000)
  eden space 16384K, 100% used [0x00000000eb400000,0x00000000ec400000,0x00000000ec400000)
  from space 2560K, 100% used [0x00000000ec680000,0x00000000ec900000,0x00000000ec900000)
  to   space 2560K, 0% used [0x00000000ec400000,0x00000000ec400000,0x00000000ec680000)
 ParOldGen       total 44032K, used 17105K [0x00000000c1c00000, 0x00000000c4700000, 0x00000000eb400000)
  object space 44032K, 38% used [0x00000000c1c00000,0x00000000c2cb45a0,0x00000000c4700000)
 Metaspace       used 16527K, capacity 16744K, committed 17152K, reserved 1064960K
  class space    used 2160K, capacity 2230K, committed 2304K, reserved 1048576K
Event: 14.292 GC heap after
Heap after GC invocations=5 (full 0):
 PSYoungGen      total 18944K, used 2560K [0x00000000eb400000, 0x00000000ee300000, 0x0000000100000000)
  eden space 16384K, 0% used [0x00000000eb400000,0x00000000eb400000,0x00000000ec400000)
  from space 2560K, 100% used [0x00000000ec400000,0x00000000ec680000,0x00000000ec680000)
  to   space 7680K, 0% used [0x00000000edb80000,0x00000000edb80000,0x00000000ee300000)
 ParOldGen       total 44032K, used 21345K [0x00000000c1c00000, 0x00000000c4700000, 0x00000000eb400000)
  object space 44032K, 48% used [0x00000000c1c00000,0x00000000c30d85a0,0x00000000c4700000)
 Metaspace       used 16527K, capacity 16744K, committed 17152K, reserved 1064960K
  class space    used 2160K, capacity 2230K, committed 2304K, reserved 1048576K
}
Event: 15.302 GC heap before
{Heap before GC invocations=6 (full 0):
 PSYoungGen      total 18944K, used 18944K [0x00000000eb400000, 0x00000000ee300000, 0x0000000100000000)
  eden space 16384K, 100% used [0x00000000eb400000,0x00000000ec400000,0x00000000ec400000)
  from space 2560K, 100% used [0x00000000ec400000,0x00000000ec680000,0x00000000ec680000)
  to   space 7680K, 0% used [0x00000000edb80000,0x00000000edb80000,0x00000000ee300000)
 ParOldGen       total 44032K, used 21345K [0x00000000c1c00000, 0x00000000c4700000, 0x00000000eb400000)
  object space 44032K, 48% used [0x00000000c1c00000,0x00000000c30d85a0,0x00000000c4700000)
 Metaspace       used 16529K, capacity 16744K, committed 17152K, reserved 1064960K
  class space    used 2160K, capacity 2230K, committed 2304K, reserved 1048576K
Event: 15.333 GC heap after
Heap after GC invocations=6 (full 0):
 PSYoungGen      total 40448K, used 6816K [0x00000000eb400000, 0x00000000ee300000, 0x0000000100000000)
  eden space 32768K, 0% used [0x00000000eb400000,0x00000000eb400000,0x00000000ed400000)
  from space 7680K, 88% used [0x00000000edb80000,0x00000000ee228000,0x00000000ee300000)
  to   space 7680K, 0% used [0x00000000ed400000,0x00000000ed400000,0x00000000edb80000)
 ParOldGen       total 44032K, used 21345K [0x00000000c1c00000, 0x00000000c4700000, 0x00000000eb400000)
  object space 44032K, 48% used [0x00000000c1c00000,0x00000000c30d85a0,0x00000000c4700000)
 Metaspace       used 16529K, capacity 16744K, committed 17152K, reserved 1064960K
  class space    used 2160K, capacity 2230K, committed 2304K, reserved 1048576K
}
Event: 17.214 GC heap before
{Heap before GC invocations=7 (full 0):
 PSYoungGen      total 40448K, used 39584K [0x00000000eb400000, 0x00000000ee300000, 0x0000000100000000)
  eden space 32768K, 100% used [0x00000000eb400000,0x00000000ed400000,0x00000000ed400000)
  from space 7680K, 88% used [0x00000000edb80000,0x00000000ee228000,0x00000000ee300000)
  to   space 7680K, 0% used [0x00000000ed400000,0x00000000ed400000,0x00000000edb80000)
 ParOldGen       total 44032K, used 21345K [0x00000000c1c00000, 0x00000000c4700000, 0x00000000eb400000)
  object space 44032K, 48% used [0x00000000c1c00000,0x00000000c30d85a0,0x00000000c4700000)
 Metaspace       used 16542K, capacity 16744K, committed 17152K, reserved 1064960K
  class space    used 2160K, capacity 2230K, committed 2304K, reserved 1048576K
Event: 17.265 GC heap after
Heap after GC invocations=7 (full 0):
 PSYoungGen      total 40448K, used 7680K [0x00000000eb400000, 0x00000000f0700000, 0x0000000100000000)
  eden space 32768K, 0% used [0x00000000eb400000,0x00000000eb400000,0x00000000ed400000)
  from space 7680K, 100% used [0x00000000ed400000,0x00000000edb80000,0x00000000edb80000)
  to   space 9728K, 0% used [0x00000000efd80000,0x00000000efd80000,0x00000000f0700000)
 ParOldGen       total 44032K, used 24850K [0x00000000c1c00000, 0x00000000c4700000, 0x00000000eb400000)
  object space 44032K, 56% used [0x00000000c1c00000,0x00000000c34448b0,0x00000000c4700000)
 Metaspace       used 16542K, capacity 16744K, committed 17152K, reserved 1064960K
  class space    used 2160K, capacity 2230K, committed 2304K, reserved 1048576K
}
Event: 19.236 GC heap before
{Heap before GC invocations=8 (full 0):
 PSYoungGen      total 40448K, used 40448K [0x00000000eb400000, 0x00000000f0700000, 0x0000000100000000)
  eden space 32768K, 100% used [0x00000000eb400000,0x00000000ed400000,0x00000000ed400000)
  from space 7680K, 100% used [0x00000000ed400000,0x00000000edb80000,0x00000000edb80000)
  to   space 9728K, 0% used [0x00000000efd80000,0x00000000efd80000,0x00000000f0700000)
 ParOldGen       total 44032K, used 24850K [0x00000000c1c00000, 0x00000000c4700000, 0x00000000eb400000)
  object space 44032K, 56% used [0x00000000c1c00000,0x00000000c34448b0,0x00000000c4700000)
 Metaspace       used 16595K, capacity 16808K, committed 17152K, reserved 1064960K
  class space    used 2161K, capacity 2230K, committed 2304K, reserved 1048576K
Event: 19.276 GC heap after
Heap after GC invocations=8 (full 0):
 PSYoungGen      total 74752K, used 8992K [0x00000000eb400000, 0x00000000f0800000, 0x0000000100000000)
  eden space 65024K, 0% used [0x00000000eb400000,0x00000000eb400000,0x00000000ef380000)
  from space 9728K, 92% used [0x00000000efd80000,0x00000000f0648000,0x00000000f0700000)
  to   space 10240K, 0% used [0x00000000ef380000,0x00000000ef380000,0x00000000efd80000)
 ParOldGen       total 44032K, used 24898K [0x00000000c1c00000, 0x00000000c4700000, 0x00000000eb400000)
  object space 44032K, 56% used [0x00000000c1c00000,0x00000000c34508b0,0x00000000c4700000)
 Metaspace       used 16595K, capacity 16808K, committed 17152K, reserved 1064960K
  class space    used 2161K, capacity 2230K, committed 2304K, reserved 1048576K
}

