# JRE version: Java(TM) SE Runtime Environment (8.0_131-b11) (build 1.8.0_131-b11)
# Java VM: Java HotSpot(TM) 64-Bit Server VM (25.131-b11 mixed mode windows-amd64 compressed oops)
Heap:
 PSYoungGen      total 24576K, used 10094K [0x00000000eb400000, 0x00000000ed500000, 0x0000000100000000)
  eden space 16384K, 58% used [0x00000000eb400000,0x00000000ebd6b868,0x00000000ec400000)
  from space 8192K, 5% used [0x00000000ecd00000,0x00000000ecd70000,0x00000000ed500000)
  to   space 8704K, 0% used [0x00000000ec400000,0x00000000ec400000,0x00000000ecc80000)
 ParOldGen       total 44032K, used 20955K [0x00000000c1c00000, 0x00000000c4700000, 0x00000000eb400000)
  object space 44032K, 47% used [0x00000000c1c00000,0x00000000c3076ef0,0x00000000c4700000)
 Metaspace       used 18182K, capacity 18444K, committed 18816K, reserved 1064960K
  class space    used 2227K, capacity 2326K, committed 2432K, reserved 1048576K
GC Heap History (10 events):
Event: 843.951 GC heap before
{Heap before GC invocations=16 (full 0):
 PSYoungGen      total 16896K, used 16608K [0x00000000eb400000, 0x00000000eda00000, 0x0000000100000000)
  eden space 16384K, 100% used [0x00000000eb400000,0x00000000ec400000,0x00000000ec400000)
  from space 512K, 43% used [0x00000000ec400000,0x00000000ec438000,0x00000000ec480000)
  to   space 11264K, 0% used [0x00000000ecf00000,0x00000000ecf00000,0x00000000eda00000)
 ParOldGen       total 44032K, used 20554K [0x00000000c1c00000, 0x00000000c4700000, 0x00000000eb400000)
  object space 44032K, 46% used [0x00000000c1c00000,0x00000000c3012b60,0x00000000c4700000)
 Metaspace       used 18057K, capacity 18316K, committed 18816K, reserved 1064960K
  class space    used 2222K, capacity 2326K, committed 2432K, reserved 1048576K
Event: 843.955 GC heap after
Heap after GC invocations=16 (full 0):
 PSYoungGen      total 26624K, used 192K [0x00000000eb400000, 0x00000000ed900000, 0x0000000100000000)
  eden space 16384K, 0% used [0x00000000eb400000,0x00000000eb400000,0x00000000ec400000)
  from space 10240K, 1% used [0x00000000ecf00000,0x00000000ecf30000,0x00000000ed900000)
  to   space 10752K, 0% used [0x00000000ec400000,0x00000000ec400000,0x00000000ece80000)
 ParOldGen       total 44032K, used 20601K [0x00000000c1c00000, 0x00000000c4700000, 0x00000000eb400000)
  object space 44032K, 46% used [0x00000000c1c00000,0x00000000c301e700,0x00000000c4700000)
 Metaspace       used 18057K, capacity 18316K, committed 18816K, reserved 1064960K
  class space    used 2222K, capacity 2326K, committed 2432K, reserved 1048576K
}
Event: 933.019 GC heap before
{Heap before GC invocations=17 (full 0):
 PSYoungGen      total 26624K, used 16576K [0x00000000eb400000, 0x00000000ed900000, 0x0000000100000000)
  eden space 16384K, 100% used [0x00000000eb400000,0x00000000ec400000,0x00000000ec400000)
  from space 10240K, 1% used [0x00000000ecf00000,0x00000000ecf30000,0x00000000ed900000)
  to   space 10752K, 0% used [0x00000000ec400000,0x00000000ec400000,0x00000000ece80000)
 ParOldGen       total 44032K, used 20601K [0x00000000c1c00000, 0x00000000c4700000, 0x00000000eb400000)
  object space 44032K, 46% used [0x00000000c1c00000,0x00000000c301e700,0x00000000c4700000)
 Metaspace       used 18057K, capacity 18316K, committed 18816K, reserved 1064960K
  class space    used 2222K, capacity 2326K, committed 2432K, reserved 1048576K
Event: 933.024 GC heap after
Heap after GC invocations=17 (full 0):
 PSYoungGen      total 16896K, used 192K [0x00000000eb400000, 0x00000000ed800000, 0x0000000100000000)
  eden space 16384K, 0% used [0x00000000eb400000,0x00000000eb400000,0x00000000ec400000)
  from space 512K, 37% used [0x00000000ec400000,0x00000000ec430000,0x00000000ec480000)
  to   space 10240K, 0% used [0x00000000ece00000,0x00000000ece00000,0x00000000ed800000)
 ParOldGen       total 44032K, used 20648K [0x00000000c1c00000, 0x00000000c4700000, 0x00000000eb400000)
  object space 44032K, 46% used [0x00000000c1c00000,0x00000000c302a2a0,0x00000000c4700000)
 Metaspace       used 18057K, capacity 18316K, committed 18816K, reserved 1064960K
  class space    used 2222K, capacity 2326K, committed 2432K, reserved 1048576K
}
Event: 1022.070 GC heap before
{Heap before GC invocations=18 (full 0):
 PSYoungGen      total 16896K, used 16576K [0x00000000eb400000, 0x00000000ed800000, 0x0000000100000000)
  eden space 16384K, 100% used [0x00000000eb400000,0x00000000ec400000,0x00000000ec400000)
  from space 512K, 37% used [0x00000000ec400000,0x00000000ec430000,0x00000000ec480000)
  to   space 10240K, 0% used [0x00000000ece00000,0x00000000ece00000,0x00000000ed800000)
 ParOldGen       total 44032K, used 20648K [0x00000000c1c00000, 0x00000000c4700000, 0x00000000eb400000)
  object space 44032K, 46% used [0x00000000c1c00000,0x00000000c302a2a0,0x00000000c4700000)
 Metaspace       used 18057K, capacity 18316K, committed 18816K, reserved 1064960K
  class space    used 2222K, capacity 2326K, committed 2432K, reserved 1048576K
Event: 1022.074 GC heap after
Heap after GC invocations=18 (full 0):
 PSYoungGen      total 25600K, used 256K [0x00000000eb400000, 0x00000000ed700000, 0x0000000100000000)
  eden space 16384K, 0% used [0x00000000eb400000,0x00000000eb400000,0x00000000ec400000)
  from space 9216K, 2% used [0x00000000ece00000,0x00000000ece40000,0x00000000ed700000)
  to   space 9728K, 0% used [0x00000000ec400000,0x00000000ec400000,0x00000000ecd80000)
 ParOldGen       total 44032K, used 20695K [0x00000000c1c00000, 0x00000000c4700000, 0x00000000eb400000)
  object space 44032K, 47% used [0x00000000c1c00000,0x00000000c3035e40,0x00000000c4700000)
 Metaspace       used 18057K, capacity 18316K, committed 18816K, reserved 1064960K
  class space    used 2222K, capacity 2326K, committed 2432K, reserved 1048576K
}
Event: 1070.871 GC heap before
{Heap before GC invocations=19 (full 0):
 PSYoungGen      total 25600K, used 16640K [0x00000000eb400000, 0x00000000ed700000, 0x0000000100000000)
  eden space 16384K, 100% used [0x00000000eb400000,0x00000000ec400000,0x00000000ec400000)
  from space 9216K, 2% used [0x00000000ece00000,0x00000000ece40000,0x00000000ed700000)
  to   space 9728K, 0% used [0x00000000ec400000,0x00000000ec400000,0x00000000ecd80000)
 ParOldGen       total 44032K, used 20695K [0x00000000c1c00000, 0x00000000c4700000, 0x00000000eb400000)
  object space 44032K, 47% used [0x00000000c1c00000,0x00000000c3035e40,0x00000000c4700000)
 Metaspace       used 18089K, capacity 18316K, committed 18816K, reserved 1064960K
  class space    used 2223K, capacity 2326K, committed 2432K, reserved 1048576K
Event: 1070.873 GC heap after
Heap after GC invocations=19 (full 0):
 PSYoungGen      total 16896K, used 416K [0x00000000eb400000, 0x00000000ed600000, 0x0000000100000000)
  eden space 16384K, 0% used [0x00000000eb400000,0x00000000eb400000,0x00000000ec400000)
  from space 512K, 81% used [0x00000000ec400000,0x00000000ec468000,0x00000000ec480000)
  to   space 9216K, 0% used [0x00000000ecd00000,0x00000000ecd00000,0x00000000ed600000)
 ParOldGen       total 44032K, used 20742K [0x00000000c1c00000, 0x00000000c4700000, 0x00000000eb400000)
  object space 44032K, 47% used [0x00000000c1c00000,0x00000000c30419e0,0x00000000c4700000)
 Metaspace       used 18089K, capacity 18316K, committed 18816K, reserved 1064960K
  class space    used 2223K, capacity 2326K, committed 2432K, reserved 1048576K
}
Event: 1108.891 GC heap before
{Heap before GC invocations=20 (full 0):
 PSYoungGen      total 16896K, used 16800K [0x00000000eb400000, 0x00000000ed600000, 0x0000000100000000)
  eden space 16384K, 100% used [0x00000000eb400000,0x00000000ec400000,0x00000000ec400000)
  from space 512K, 81% used [0x00000000ec400000,0x00000000ec468000,0x00000000ec480000)
  to   space 9216K, 0% used [0x00000000ecd00000,0x00000000ecd00000,0x00000000ed600000)
 ParOldGen       total 44032K, used 20742K [0x00000000c1c00000, 0x00000000c4700000, 0x00000000eb400000)
  object space 44032K, 47% used [0x00000000c1c00000,0x00000000c30419e0,0x00000000c4700000)
 Metaspace       used 18130K, capacity 18380K, committed 18816K, reserved 1064960K
  class space    used 2223K, capacity 2326K, committed 2432K, reserved 1048576K
Event: 1108.893 GC heap after
Heap after GC invocations=20 (full 0):
 PSYoungGen      total 24576K, used 448K [0x00000000eb400000, 0x00000000ed500000, 0x0000000100000000)
  eden space 16384K, 0% used [0x00000000eb400000,0x00000000eb400000,0x00000000ec400000)
  from space 8192K, 5% used [0x00000000ecd00000,0x00000000ecd70000,0x00000000ed500000)
  to   space 8704K, 0% used [0x00000000ec400000,0x00000000ec400000,0x00000000ecc80000)
 ParOldGen       total 44032K, used 20955K [0x00000000c1c00000, 0x00000000c4700000, 0x00000000eb400000)
  object space 44032K, 47% used [0x00000000c1c00000,0x00000000c3076ef0,0x00000000c4700000)
 Metaspace       used 18130K, capacity 18380K, committed 18816K, reserved 1064960K
  class space    used 2223K, capacity 2326K, committed 2432K, reserved 1048576K
}

