# JRE version: Java(TM) SE Runtime Environment (8.0_131-b11) (build 1.8.0_131-b11)
# Java VM: Java HotSpot(TM) 64-Bit Server VM (25.131-b11 mixed mode windows-amd64 compressed oops)
Heap:
 PSYoungGen      total 18944K, used 3302K [0x00000000eb400000, 0x00000000ec900000, 0x0000000100000000)
  eden space 16384K, 5% used [0x00000000eb400000,0x00000000eb4d99d0,0x00000000ec400000)
  from space 2560K, 95% used [0x00000000ec680000,0x00000000ec8e0000,0x00000000ec900000)
  to   space 2560K, 0% used [0x00000000ec400000,0x00000000ec400000,0x00000000ec680000)
 ParOldGen       total 45568K, used 10845K [0x00000000c1c00000, 0x00000000c4880000, 0x00000000eb400000)
  object space 45568K, 23% used [0x00000000c1c00000,0x00000000c2697628,0x00000000c4880000)
 Metaspace       used 16893K, capacity 17068K, committed 17408K, reserved 1064960K
  class space    used 2164K, capacity 2230K, committed 2304K, reserved 1048576K
GC Heap History (10 events):
Event: 4.148 GC heap before
{Heap before GC invocations=1 (full 0):
 PSYoungGen      total 18944K, used 16384K [0x00000000eb400000, 0x00000000ec900000, 0x0000000100000000)
  eden space 16384K, 100% used [0x00000000eb400000,0x00000000ec400000,0x00000000ec400000)
  from space 2560K, 0% used [0x00000000ec680000,0x00000000ec680000,0x00000000ec900000)
  to   space 2560K, 0% used [0x00000000ec400000,0x00000000ec400000,0x00000000ec680000)
 ParOldGen       total 44032K, used 0K [0x00000000c1c00000, 0x00000000c4700000, 0x00000000eb400000)
  object space 44032K, 0% used [0x00000000c1c00000,0x00000000c1c00000,0x00000000c4700000)
 Metaspace       used 15725K, capacity 15902K, committed 16256K, reserved 1062912K
  class space    used 2094K, capacity 2163K, committed 2176K, reserved 1048576K
Event: 4.160 GC heap after
Heap after GC invocations=1 (full 0):
 PSYoungGen      total 18944K, used 2560K [0x00000000eb400000, 0x00000000ec900000, 0x0000000100000000)
  eden space 16384K, 0% used [0x00000000eb400000,0x00000000eb400000,0x00000000ec400000)
  from space 2560K, 100% used [0x00000000ec400000,0x00000000ec680000,0x00000000ec680000)
  to   space 2560K, 0% used [0x00000000ec680000,0x00000000ec680000,0x00000000ec900000)
 ParOldGen       total 44032K, used 12756K [0x00000000c1c00000, 0x00000000c4700000, 0x00000000eb400000)
  object space 44032K, 28% used [0x00000000c1c00000,0x00000000c2875038,0x00000000c4700000)
 Metaspace       used 15725K, capacity 15902K, committed 16256K, reserved 1062912K
  class space    used 2094K, capacity 2163K, committed 2176K, reserved 1048576K
}
Event: 24.864 GC heap before
{Heap before GC invocations=2 (full 0):
 PSYoungGen      total 18944K, used 18944K [0x00000000eb400000, 0x00000000ec900000, 0x0000000100000000)
  eden space 16384K, 100% used [0x00000000eb400000,0x00000000ec400000,0x00000000ec400000)
  from space 2560K, 100% used [0x00000000ec400000,0x00000000ec680000,0x00000000ec680000)
  to   space 2560K, 0% used [0x00000000ec680000,0x00000000ec680000,0x00000000ec900000)
 ParOldGen       total 44032K, used 12756K [0x00000000c1c00000, 0x00000000c4700000, 0x00000000eb400000)
  object space 44032K, 28% used [0x00000000c1c00000,0x00000000c2875038,0x00000000c4700000)
 Metaspace       used 16193K, capacity 16350K, committed 16512K, reserved 1062912K
  class space    used 2108K, capacity 2163K, committed 2176K, reserved 1048576K
Event: 24.881 GC heap after
Heap after GC invocations=2 (full 0):
 PSYoungGen      total 18944K, used 2544K [0x00000000eb400000, 0x00000000ec900000, 0x0000000100000000)
  eden space 16384K, 0% used [0x00000000eb400000,0x00000000eb400000,0x00000000ec400000)
  from space 2560K, 99% used [0x00000000ec680000,0x00000000ec8fc010,0x00000000ec900000)
  to   space 2560K, 0% used [0x00000000ec400000,0x00000000ec400000,0x00000000ec680000)
 ParOldGen       total 44032K, used 15252K [0x00000000c1c00000, 0x00000000c4700000, 0x00000000eb400000)
  object space 44032K, 34% used [0x00000000c1c00000,0x00000000c2ae5038,0x00000000c4700000)
 Metaspace       used 16193K, capacity 16350K, committed 16512K, reserved 1062912K
  class space    used 2108K, capacity 2163K, committed 2176K, reserved 1048576K
}
Event: 38.876 GC heap before
{Heap before GC invocations=3 (full 0):
 PSYoungGen      total 18944K, used 18928K [0x00000000eb400000, 0x00000000ec900000, 0x0000000100000000)
  eden space 16384K, 100% used [0x00000000eb400000,0x00000000ec400000,0x00000000ec400000)
  from space 2560K, 99% used [0x00000000ec680000,0x00000000ec8fc010,0x00000000ec900000)
  to   space 2560K, 0% used [0x00000000ec400000,0x00000000ec400000,0x00000000ec680000)
 ParOldGen       total 44032K, used 15252K [0x00000000c1c00000, 0x00000000c4700000, 0x00000000eb400000)
  object space 44032K, 34% used [0x00000000c1c00000,0x00000000c2ae5038,0x00000000c4700000)
 Metaspace       used 16431K, capacity 16638K, committed 16896K, reserved 1064960K
  class space    used 2114K, capacity 2195K, committed 2304K, reserved 1048576K
Event: 38.891 GC heap after
Heap after GC invocations=3 (full 0):
 PSYoungGen      total 18944K, used 2528K [0x00000000eb400000, 0x00000000ec900000, 0x0000000100000000)
  eden space 16384K, 0% used [0x00000000eb400000,0x00000000eb400000,0x00000000ec400000)
  from space 2560K, 98% used [0x00000000ec400000,0x00000000ec678020,0x00000000ec680000)
  to   space 2560K, 0% used [0x00000000ec680000,0x00000000ec680000,0x00000000ec900000)
 ParOldGen       total 44032K, used 28371K [0x00000000c1c00000, 0x00000000c4700000, 0x00000000eb400000)
  object space 44032K, 64% used [0x00000000c1c00000,0x00000000c37b4ed0,0x00000000c4700000)
 Metaspace       used 16431K, capacity 16638K, committed 16896K, reserved 1064960K
  class space    used 2114K, capacity 2195K, committed 2304K, reserved 1048576K
}
Event: 38.891 GC heap before
{Heap before GC invocations=4 (full 1):
 PSYoungGen      total 18944K, used 2528K [0x00000000eb400000, 0x00000000ec900000, 0x0000000100000000)
  eden space 16384K, 0% used [0x00000000eb400000,0x00000000eb400000,0x00000000ec400000)
  from space 2560K, 98% used [0x00000000ec400000,0x00000000ec678020,0x00000000ec680000)
  to   space 2560K, 0% used [0x00000000ec680000,0x00000000ec680000,0x00000000ec900000)
 ParOldGen       total 44032K, used 28371K [0x00000000c1c00000, 0x00000000c4700000, 0x00000000eb400000)
  object space 44032K, 64% used [0x00000000c1c00000,0x00000000c37b4ed0,0x00000000c4700000)
 Metaspace       used 16431K, capacity 16638K, committed 16896K, reserved 1064960K
  class space    used 2114K, capacity 2195K, committed 2304K, reserved 1048576K
Event: 38.992 GC heap after
Heap after GC invocations=4 (full 1):
 PSYoungGen      total 18944K, used 0K [0x00000000eb400000, 0x00000000ec900000, 0x0000000100000000)
  eden space 16384K, 0% used [0x00000000eb400000,0x00000000eb400000,0x00000000ec400000)
  from space 2560K, 0% used [0x00000000ec400000,0x00000000ec400000,0x00000000ec680000)
  to   space 2560K, 0% used [0x00000000ec680000,0x00000000ec680000,0x00000000ec900000)
 ParOldGen       total 45568K, used 10845K [0x00000000c1c00000, 0x00000000c4880000, 0x00000000eb400000)
  object space 45568K, 23% used [0x00000000c1c00000,0x00000000c2697628,0x00000000c4880000)
 Metaspace       used 16431K, capacity 16638K, committed 16896K, reserved 1064960K
  class space    used 2114K, capacity 2195K, committed 2304K, reserved 1048576K
}
Event: 55.889 GC heap before
{Heap before GC invocations=5 (full 1):
 PSYoungGen      total 18944K, used 16384K [0x00000000eb400000, 0x00000000ec900000, 0x0000000100000000)
  eden space 16384K, 100% used [0x00000000eb400000,0x00000000ec400000,0x00000000ec400000)
  from space 2560K, 0% used [0x00000000ec400000,0x00000000ec400000,0x00000000ec680000)
  to   space 2560K, 0% used [0x00000000ec680000,0x00000000ec680000,0x00000000ec900000)
 ParOldGen       total 45568K, used 10845K [0x00000000c1c00000, 0x00000000c4880000, 0x00000000eb400000)
  object space 45568K, 23% used [0x00000000c1c00000,0x00000000c2697628,0x00000000c4880000)
 Metaspace       used 16876K, capacity 17068K, committed 17408K, reserved 1064960K
  class space    used 2162K, capacity 2230K, committed 2304K, reserved 1048576K
Event: 55.899 GC heap after
Heap after GC invocations=5 (full 1):
 PSYoungGen      total 18944K, used 2432K [0x00000000eb400000, 0x00000000ec900000, 0x0000000100000000)
  eden space 16384K, 0% used [0x00000000eb400000,0x00000000eb400000,0x00000000ec400000)
  from space 2560K, 95% used [0x00000000ec680000,0x00000000ec8e0000,0x00000000ec900000)
  to   space 2560K, 0% used [0x00000000ec400000,0x00000000ec400000,0x00000000ec680000)
 ParOldGen       total 45568K, used 10845K [0x00000000c1c00000, 0x00000000c4880000, 0x00000000eb400000)
  object space 45568K, 23% used [0x00000000c1c00000,0x00000000c2697628,0x00000000c4880000)
 Metaspace       used 16876K, capacity 17068K, committed 17408K, reserved 1064960K
  class space    used 2162K, capacity 2230K, committed 2304K, reserved 1048576K
}

